[0m17:19:48.223369 [debug] [MainThread]: Sending event: {'category': 'dbt', 'action': 'invocation', 'label': 'start', 'context': [<snowplow_tracker.self_describing_json.SelfDescribingJson object at 0x000001F6301709E0>, <snowplow_tracker.self_describing_json.SelfDescribingJson object at 0x000001F630173B30>, <snowplow_tracker.self_describing_json.SelfDescribingJson object at 0x000001F630173FE0>]}


============================== 17:19:48.229372 | 00e69877-8448-4561-9055-0426ac83efc5 ==============================
[0m17:19:48.229372 [info ] [MainThread]: Running with dbt=1.10.4
[0m17:19:48.230372 [debug] [MainThread]: running dbt with arguments {'printer_width': '80', 'indirect_selection': 'eager', 'log_cache_events': 'False', 'write_json': 'True', 'partial_parse': 'True', 'cache_selected_only': 'False', 'profiles_dir': 'C:\\Users\\anvm1\\.dbt', 'fail_fast': 'False', 'warn_error': 'None', 'log_path': 'logs', 'version_check': 'True', 'debug': 'False', 'use_colors': 'True', 'use_experimental_parser': 'False', 'no_print': 'None', 'quiet': 'False', 'empty': 'None', 'log_format': 'default', 'introspect': 'True', 'static_parser': 'True', 'warn_error_options': 'WarnErrorOptionsV2(error=[], warn=[], silence=[])', 'target_path': 'None', 'invocation_command': 'dbt init security_transforms', 'send_anonymous_usage_stats': 'True'}
[0m17:19:48.240409 [info ] [MainThread]: Creating dbt configuration folder at C:\Users\anvm1\.dbt
[0m17:19:48.241409 [debug] [MainThread]: Starter project path: C:\Users\anvm1\OneDrive\Desktop\Andrew_Vu\Projects\security_mock_data\security\Lib\site-packages\dbt\include\starter_project
[0m17:19:48.248571 [info ] [MainThread]: 
Your new dbt project "security_transforms" was created!

For more information on how to configure the profiles.yml file,
please consult the dbt documentation here:

  https://docs.getdbt.com/docs/configure-your-profile

One more thing:

Need help? Don't hesitate to reach out to us via GitHub issues or on Slack:

  https://community.getdbt.com/

Happy modeling!

[0m17:19:48.248571 [info ] [MainThread]: Setting up your profile.
[0m17:22:24.747146 [info ] [MainThread]: Profile security_transforms written to C:\Users\anvm1\.dbt\profiles.yml using target's profile_template.yml and your supplied values. Run 'dbt debug' to validate the connection.
[0m17:22:24.747146 [debug] [MainThread]: Command `dbt init` succeeded at 17:22:24.747146 after 156.61 seconds
[0m17:22:24.748648 [debug] [MainThread]: Sending event: {'category': 'dbt', 'action': 'invocation', 'label': 'end', 'context': [<snowplow_tracker.self_describing_json.SelfDescribingJson object at 0x000001F62FD3B830>, <snowplow_tracker.self_describing_json.SelfDescribingJson object at 0x000001F62FFAB0B0>, <snowplow_tracker.self_describing_json.SelfDescribingJson object at 0x000001F63077BD40>]}
[0m17:22:24.748648 [debug] [MainThread]: Flushing usage events
[0m17:22:25.096674 [debug] [MainThread]: An error was encountered while trying to flush usage events
[0m17:22:39.196252 [debug] [MainThread]: Sending event: {'category': 'dbt', 'action': 'invocation', 'label': 'start', 'context': [<snowplow_tracker.self_describing_json.SelfDescribingJson object at 0x0000026797806840>, <snowplow_tracker.self_describing_json.SelfDescribingJson object at 0x0000026797805D00>, <snowplow_tracker.self_describing_json.SelfDescribingJson object at 0x0000026796F88B60>]}


============================== 17:22:39.199256 | 4f3e6ebd-86ba-40e5-8d7e-d89123b7aa1c ==============================
[0m17:22:39.199256 [info ] [MainThread]: Running with dbt=1.10.4
[0m17:22:39.199256 [debug] [MainThread]: running dbt with arguments {'printer_width': '80', 'indirect_selection': 'eager', 'write_json': 'True', 'log_cache_events': 'False', 'partial_parse': 'True', 'cache_selected_only': 'False', 'profiles_dir': 'C:\\Users\\anvm1\\.dbt', 'debug': 'False', 'version_check': 'True', 'log_path': 'logs', 'fail_fast': 'False', 'warn_error': 'None', 'use_colors': 'True', 'use_experimental_parser': 'False', 'empty': 'None', 'quiet': 'False', 'no_print': 'None', 'log_format': 'default', 'static_parser': 'True', 'warn_error_options': 'WarnErrorOptionsV2(error=[], warn=[], silence=[])', 'introspect': 'True', 'target_path': 'None', 'invocation_command': 'dbt debug', 'send_anonymous_usage_stats': 'True'}
[0m17:22:39.207451 [info ] [MainThread]: dbt version: 1.10.4
[0m17:22:39.208451 [info ] [MainThread]: python version: 3.12.3
[0m17:22:39.208451 [info ] [MainThread]: python path: C:\Users\anvm1\OneDrive\Desktop\Andrew_Vu\Projects\security_mock_data\security\Scripts\python.exe
[0m17:22:39.208451 [info ] [MainThread]: os info: Windows-11-10.0.26100-SP0
[0m17:22:39.238605 [info ] [MainThread]: Using profiles dir at C:\Users\anvm1\.dbt
[0m17:22:39.238605 [info ] [MainThread]: Using profiles.yml file at C:\Users\anvm1\.dbt\profiles.yml
[0m17:22:39.239606 [info ] [MainThread]: Using dbt_project.yml file at C:\Users\anvm1\OneDrive\Desktop\Andrew_Vu\Projects\security_mock_data\dbt_project.yml
[0m17:22:39.239606 [info ] [MainThread]: adapter type: postgres
[0m17:22:39.240606 [info ] [MainThread]: adapter version: 1.9.0
[0m17:22:39.240606 [info ] [MainThread]: Configuration:
[0m17:22:39.240606 [info ] [MainThread]:   profiles.yml file [[32mOK found and valid[0m]
[0m17:22:39.240606 [info ] [MainThread]:   dbt_project.yml file [[31mERROR not found[0m]
[0m17:22:39.241606 [info ] [MainThread]: Required dependencies:
[0m17:22:39.241606 [debug] [MainThread]: Executing "git --help"
[0m17:22:39.275799 [debug] [MainThread]: STDOUT: "b"usage: git [-v | --version] [-h | --help] [-C <path>] [-c <name>=<value>]\n           [--exec-path[=<path>]] [--html-path] [--man-path] [--info-path]\n           [-p | --paginate | -P | --no-pager] [--no-replace-objects] [--no-lazy-fetch]\n           [--no-optional-locks] [--no-advice] [--bare] [--git-dir=<path>]\n           [--work-tree=<path>] [--namespace=<name>] [--config-env=<name>=<envvar>]\n           <command> [<args>]\n\nThese are common Git commands used in various situations:\n\nstart a working area (see also: git help tutorial)\n   clone      Clone a repository into a new directory\n   init       Create an empty Git repository or reinitialize an existing one\n\nwork on the current change (see also: git help everyday)\n   add        Add file contents to the index\n   mv         Move or rename a file, a directory, or a symlink\n   restore    Restore working tree files\n   rm         Remove files from the working tree and from the index\n\nexamine the history and state (see also: git help revisions)\n   bisect     Use binary search to find the commit that introduced a bug\n   diff       Show changes between commits, commit and working tree, etc\n   grep       Print lines matching a pattern\n   log        Show commit logs\n   show       Show various types of objects\n   status     Show the working tree status\n\ngrow, mark and tweak your common history\n   backfill   Download missing objects in a partial clone\n   branch     List, create, or delete branches\n   commit     Record changes to the repository\n   merge      Join two or more development histories together\n   rebase     Reapply commits on top of another base tip\n   reset      Reset current HEAD to the specified state\n   switch     Switch branches\n   tag        Create, list, delete or verify a tag object signed with GPG\n\ncollaborate (see also: git help workflows)\n   fetch      Download objects and refs from another repository\n   pull       Fetch from and integrate with another repository or a local branch\n   push       Update remote refs along with associated objects\n\n'git help -a' and 'git help -g' list available subcommands and some\nconcept guides. See 'git help <command>' or 'git help <concept>'\nto read about a specific subcommand or concept.\nSee 'git help git' for an overview of the system.\n""
[0m17:22:39.275799 [debug] [MainThread]: STDERR: "b''"
[0m17:22:39.275799 [info ] [MainThread]:  - git [[32mOK found[0m]

[0m17:22:39.276800 [info ] [MainThread]: Connection:
[0m17:22:39.276800 [info ] [MainThread]:   host: security_postgres
[0m17:22:39.276800 [info ] [MainThread]:   port: 5432
[0m17:22:39.276800 [info ] [MainThread]:   user: security_admin
[0m17:22:39.276800 [info ] [MainThread]:   database: security_data
[0m17:22:39.277799 [info ] [MainThread]:   schema: staging
[0m17:22:39.277799 [info ] [MainThread]:   connect_timeout: 10
[0m17:22:39.277799 [info ] [MainThread]:   role: None
[0m17:22:39.277799 [info ] [MainThread]:   search_path: None
[0m17:22:39.277799 [info ] [MainThread]:   keepalives_idle: 0
[0m17:22:39.278821 [info ] [MainThread]:   sslmode: None
[0m17:22:39.278821 [info ] [MainThread]:   sslcert: None
[0m17:22:39.278821 [info ] [MainThread]:   sslkey: None
[0m17:22:39.278821 [info ] [MainThread]:   sslrootcert: None
[0m17:22:39.278821 [info ] [MainThread]:   application_name: dbt
[0m17:22:39.278821 [info ] [MainThread]:   retries: 1
[0m17:22:39.279820 [info ] [MainThread]: Registered adapter: postgres=1.9.0
[0m17:22:39.389496 [debug] [MainThread]: Acquiring new postgres connection 'debug'
[0m17:22:39.553100 [debug] [MainThread]: Using postgres connection "debug"
[0m17:22:39.553100 [debug] [MainThread]: On debug: select 1 as id
[0m17:22:39.553100 [debug] [MainThread]: Opening a new connection, currently in state init
[0m17:22:40.813057 [debug] [MainThread]: Postgres adapter: Got a retryable error when attempting to open a postgres connection.
1 attempts remaining. Retrying in 0 seconds.
Error:
could not translate host name "security_postgres" to address: No such host is known. 

[0m17:22:41.954344 [debug] [MainThread]: Postgres adapter: Error running SQL: select 1 as id
[0m17:22:41.954964 [debug] [MainThread]: Postgres adapter: Rolling back transaction.
[0m17:22:41.955473 [debug] [MainThread]: On debug: No close available on handle
[0m17:22:41.955975 [info ] [MainThread]:   Connection test: [[31mERROR[0m]

[0m17:22:41.955975 [info ] [MainThread]: [31m2 checks failed:[0m
[0m17:22:41.956979 [info ] [MainThread]: Project loading failed for the following reason:
 project path <C:\Users\anvm1\OneDrive\Desktop\Andrew_Vu\Projects\security_mock_data\dbt_project.yml> not found

[0m17:22:41.956979 [info ] [MainThread]: dbt was unable to connect to the specified database.
The database returned the following error:

  >Database Error
  could not translate host name "security_postgres" to address: No such host is known. 
  

Check your database credentials and try again. For more information, visit:
https://docs.getdbt.com/docs/configure-your-profile


[0m17:22:41.957978 [debug] [MainThread]: Command `dbt debug` failed at 17:22:41.957978 after 2.86 seconds
[0m17:22:41.957978 [debug] [MainThread]: Connection 'debug' was properly closed.
[0m17:22:41.957978 [debug] [MainThread]: Sending event: {'category': 'dbt', 'action': 'invocation', 'label': 'end', 'context': [<snowplow_tracker.self_describing_json.SelfDescribingJson object at 0x0000026797615910>, <snowplow_tracker.self_describing_json.SelfDescribingJson object at 0x000002679803EF60>, <snowplow_tracker.self_describing_json.SelfDescribingJson object at 0x000002679816E6C0>]}
[0m17:22:41.958978 [debug] [MainThread]: Flushing usage events
[0m17:22:42.250774 [debug] [MainThread]: An error was encountered while trying to flush usage events
[0m17:23:09.932331 [debug] [MainThread]: Sending event: {'category': 'dbt', 'action': 'invocation', 'label': 'start', 'context': [<snowplow_tracker.self_describing_json.SelfDescribingJson object at 0x000002D057CD2E10>, <snowplow_tracker.self_describing_json.SelfDescribingJson object at 0x000002D05B720FE0>, <snowplow_tracker.self_describing_json.SelfDescribingJson object at 0x000002D05B8C13A0>]}


============================== 17:23:09.935336 | d4734101-4e65-49d8-8040-0541979ff1d7 ==============================
[0m17:23:09.935336 [info ] [MainThread]: Running with dbt=1.10.4
[0m17:23:09.936336 [debug] [MainThread]: running dbt with arguments {'printer_width': '80', 'indirect_selection': 'eager', 'log_cache_events': 'False', 'write_json': 'True', 'partial_parse': 'True', 'cache_selected_only': 'False', 'profiles_dir': 'C:\\Users\\anvm1\\.dbt', 'fail_fast': 'False', 'debug': 'False', 'log_path': 'logs', 'warn_error': 'None', 'version_check': 'True', 'use_colors': 'True', 'use_experimental_parser': 'False', 'empty': 'None', 'quiet': 'False', 'no_print': 'None', 'log_format': 'default', 'invocation_command': 'dbt init security_transforms', 'static_parser': 'True', 'introspect': 'True', 'target_path': 'None', 'warn_error_options': 'WarnErrorOptionsV2(error=[], warn=[], silence=[])', 'send_anonymous_usage_stats': 'True'}
[0m17:23:09.944698 [info ] [MainThread]: A project called security_transforms already exists here.
[0m17:23:09.945697 [debug] [MainThread]: Command `dbt init` succeeded at 17:23:09.945697 after 0.12 seconds
[0m17:23:09.945697 [debug] [MainThread]: Sending event: {'category': 'dbt', 'action': 'invocation', 'label': 'end', 'context': [<snowplow_tracker.self_describing_json.SelfDescribingJson object at 0x000002D057CD2E10>, <snowplow_tracker.self_describing_json.SelfDescribingJson object at 0x000002D05B7CB0B0>, <snowplow_tracker.self_describing_json.SelfDescribingJson object at 0x000002D05985CE60>]}
[0m17:23:09.945697 [debug] [MainThread]: Flushing usage events
[0m17:23:10.179644 [debug] [MainThread]: An error was encountered while trying to flush usage events
[0m17:24:06.920749 [debug] [MainThread]: Sending event: {'category': 'dbt', 'action': 'invocation', 'label': 'start', 'context': [<snowplow_tracker.self_describing_json.SelfDescribingJson object at 0x000001A6A0B6C740>, <snowplow_tracker.self_describing_json.SelfDescribingJson object at 0x000001A69D342E10>, <snowplow_tracker.self_describing_json.SelfDescribingJson object at 0x000001A6A08E8890>]}


============================== 17:24:06.923803 | 118b022c-950f-4d1b-b8a7-7989993d42b6 ==============================
[0m17:24:06.923803 [info ] [MainThread]: Running with dbt=1.10.4
[0m17:24:06.923803 [debug] [MainThread]: running dbt with arguments {'printer_width': '80', 'indirect_selection': 'eager', 'write_json': 'True', 'log_cache_events': 'False', 'partial_parse': 'True', 'cache_selected_only': 'False', 'profiles_dir': 'C:\\Users\\anvm1\\.dbt', 'version_check': 'True', 'fail_fast': 'False', 'log_path': 'logs', 'warn_error': 'None', 'debug': 'False', 'use_colors': 'True', 'use_experimental_parser': 'False', 'empty': 'None', 'quiet': 'False', 'no_print': 'None', 'warn_error_options': 'WarnErrorOptionsV2(error=[], warn=[], silence=[])', 'static_parser': 'True', 'invocation_command': 'dbt init security_transforms', 'introspect': 'True', 'target_path': 'None', 'log_format': 'default', 'send_anonymous_usage_stats': 'True'}
[0m17:24:06.932311 [debug] [MainThread]: Starter project path: C:\Users\anvm1\OneDrive\Desktop\Andrew_Vu\Projects\security_mock_data\security\Lib\site-packages\dbt\include\starter_project
[0m17:24:06.939310 [info ] [MainThread]: 
Your new dbt project "security_transforms" was created!

For more information on how to configure the profiles.yml file,
please consult the dbt documentation here:

  https://docs.getdbt.com/docs/configure-your-profile

One more thing:

Need help? Don't hesitate to reach out to us via GitHub issues or on Slack:

  https://community.getdbt.com/

Happy modeling!

[0m17:24:06.939310 [info ] [MainThread]: Setting up your profile.
[0m17:24:59.397389 [info ] [MainThread]: Profile security_transforms written to C:\Users\anvm1\.dbt\profiles.yml using target's profile_template.yml and your supplied values. Run 'dbt debug' to validate the connection.
[0m17:24:59.398388 [debug] [MainThread]: Command `dbt init` succeeded at 17:24:59.398388 after 52.58 seconds
[0m17:24:59.398388 [debug] [MainThread]: Sending event: {'category': 'dbt', 'action': 'invocation', 'label': 'end', 'context': [<snowplow_tracker.self_describing_json.SelfDescribingJson object at 0x000001A69D342E10>, <snowplow_tracker.self_describing_json.SelfDescribingJson object at 0x000001A6A0FF0530>, <snowplow_tracker.self_describing_json.SelfDescribingJson object at 0x000001A6A14C02F0>]}
[0m17:24:59.399388 [debug] [MainThread]: Flushing usage events
[0m17:24:59.737669 [debug] [MainThread]: An error was encountered while trying to flush usage events
[0m17:25:04.909990 [debug] [MainThread]: Sending event: {'category': 'dbt', 'action': 'invocation', 'label': 'start', 'context': [<snowplow_tracker.self_describing_json.SelfDescribingJson object at 0x0000021F53ABB950>, <snowplow_tracker.self_describing_json.SelfDescribingJson object at 0x0000021F56EF3BF0>, <snowplow_tracker.self_describing_json.SelfDescribingJson object at 0x0000021F54A5D340>]}


============================== 17:25:04.912990 | 82b4328a-5555-4ad2-adc0-d1121c0555cf ==============================
[0m17:25:04.912990 [info ] [MainThread]: Running with dbt=1.10.4
[0m17:25:04.913989 [debug] [MainThread]: running dbt with arguments {'printer_width': '80', 'indirect_selection': 'eager', 'log_cache_events': 'False', 'write_json': 'True', 'partial_parse': 'True', 'cache_selected_only': 'False', 'profiles_dir': 'C:\\Users\\anvm1\\.dbt', 'fail_fast': 'False', 'debug': 'False', 'log_path': 'logs', 'warn_error': 'None', 'version_check': 'True', 'use_colors': 'True', 'use_experimental_parser': 'False', 'no_print': 'None', 'quiet': 'False', 'empty': 'None', 'warn_error_options': 'WarnErrorOptionsV2(error=[], warn=[], silence=[])', 'invocation_command': 'dbt debug', 'introspect': 'True', 'log_format': 'default', 'target_path': 'None', 'static_parser': 'True', 'send_anonymous_usage_stats': 'True'}
[0m17:25:04.922580 [info ] [MainThread]: dbt version: 1.10.4
[0m17:25:04.922580 [info ] [MainThread]: python version: 3.12.3
[0m17:25:04.922580 [info ] [MainThread]: python path: C:\Users\anvm1\OneDrive\Desktop\Andrew_Vu\Projects\security_mock_data\security\Scripts\python.exe
[0m17:25:04.922580 [info ] [MainThread]: os info: Windows-11-10.0.26100-SP0
[0m17:25:04.953346 [info ] [MainThread]: Using profiles dir at C:\Users\anvm1\.dbt
[0m17:25:04.954346 [info ] [MainThread]: Using profiles.yml file at C:\Users\anvm1\.dbt\profiles.yml
[0m17:25:04.954955 [info ] [MainThread]: Using dbt_project.yml file at C:\Users\anvm1\OneDrive\Desktop\Andrew_Vu\Projects\security_mock_data\dbt_project.yml
[0m17:25:04.955463 [info ] [MainThread]: adapter type: postgres
[0m17:25:04.955463 [info ] [MainThread]: adapter version: 1.9.0
[0m17:25:04.955463 [info ] [MainThread]: Configuration:
[0m17:25:04.955463 [info ] [MainThread]:   profiles.yml file [[32mOK found and valid[0m]
[0m17:25:04.956466 [info ] [MainThread]:   dbt_project.yml file [[31mERROR not found[0m]
[0m17:25:04.956466 [info ] [MainThread]: Required dependencies:
[0m17:25:04.956466 [debug] [MainThread]: Executing "git --help"
[0m17:25:04.977971 [debug] [MainThread]: STDOUT: "b"usage: git [-v | --version] [-h | --help] [-C <path>] [-c <name>=<value>]\n           [--exec-path[=<path>]] [--html-path] [--man-path] [--info-path]\n           [-p | --paginate | -P | --no-pager] [--no-replace-objects] [--no-lazy-fetch]\n           [--no-optional-locks] [--no-advice] [--bare] [--git-dir=<path>]\n           [--work-tree=<path>] [--namespace=<name>] [--config-env=<name>=<envvar>]\n           <command> [<args>]\n\nThese are common Git commands used in various situations:\n\nstart a working area (see also: git help tutorial)\n   clone      Clone a repository into a new directory\n   init       Create an empty Git repository or reinitialize an existing one\n\nwork on the current change (see also: git help everyday)\n   add        Add file contents to the index\n   mv         Move or rename a file, a directory, or a symlink\n   restore    Restore working tree files\n   rm         Remove files from the working tree and from the index\n\nexamine the history and state (see also: git help revisions)\n   bisect     Use binary search to find the commit that introduced a bug\n   diff       Show changes between commits, commit and working tree, etc\n   grep       Print lines matching a pattern\n   log        Show commit logs\n   show       Show various types of objects\n   status     Show the working tree status\n\ngrow, mark and tweak your common history\n   backfill   Download missing objects in a partial clone\n   branch     List, create, or delete branches\n   commit     Record changes to the repository\n   merge      Join two or more development histories together\n   rebase     Reapply commits on top of another base tip\n   reset      Reset current HEAD to the specified state\n   switch     Switch branches\n   tag        Create, list, delete or verify a tag object signed with GPG\n\ncollaborate (see also: git help workflows)\n   fetch      Download objects and refs from another repository\n   pull       Fetch from and integrate with another repository or a local branch\n   push       Update remote refs along with associated objects\n\n'git help -a' and 'git help -g' list available subcommands and some\nconcept guides. See 'git help <command>' or 'git help <concept>'\nto read about a specific subcommand or concept.\nSee 'git help git' for an overview of the system.\n""
[0m17:25:04.977971 [debug] [MainThread]: STDERR: "b''"
[0m17:25:04.977971 [info ] [MainThread]:  - git [[32mOK found[0m]

[0m17:25:04.978972 [info ] [MainThread]: Connection:
[0m17:25:04.978972 [info ] [MainThread]:   host: localhost
[0m17:25:04.978972 [info ] [MainThread]:   port: 5432
[0m17:25:04.978972 [info ] [MainThread]:   user: security_admin
[0m17:25:04.979971 [info ] [MainThread]:   database: security_data
[0m17:25:04.979971 [info ] [MainThread]:   schema: staging
[0m17:25:04.979971 [info ] [MainThread]:   connect_timeout: 10
[0m17:25:04.980970 [info ] [MainThread]:   role: None
[0m17:25:04.980970 [info ] [MainThread]:   search_path: None
[0m17:25:04.980970 [info ] [MainThread]:   keepalives_idle: 0
[0m17:25:04.980970 [info ] [MainThread]:   sslmode: None
[0m17:25:04.981971 [info ] [MainThread]:   sslcert: None
[0m17:25:04.981971 [info ] [MainThread]:   sslkey: None
[0m17:25:04.981971 [info ] [MainThread]:   sslrootcert: None
[0m17:25:04.981971 [info ] [MainThread]:   application_name: dbt
[0m17:25:04.981971 [info ] [MainThread]:   retries: 1
[0m17:25:04.982969 [info ] [MainThread]: Registered adapter: postgres=1.9.0
[0m17:25:05.094232 [debug] [MainThread]: Acquiring new postgres connection 'debug'
[0m17:25:05.121008 [debug] [MainThread]: Using postgres connection "debug"
[0m17:25:05.121008 [debug] [MainThread]: On debug: select 1 as id
[0m17:25:05.121008 [debug] [MainThread]: Opening a new connection, currently in state init
[0m17:25:05.163987 [debug] [MainThread]: SQL status: SELECT 1 in 0.042 seconds
[0m17:25:05.164987 [debug] [MainThread]: On debug: Close
[0m17:25:05.164987 [info ] [MainThread]:   Connection test: [[32mOK connection ok[0m]

[0m17:25:05.164987 [info ] [MainThread]: [31m1 check failed:[0m
[0m17:25:05.165987 [info ] [MainThread]: Project loading failed for the following reason:
 project path <C:\Users\anvm1\OneDrive\Desktop\Andrew_Vu\Projects\security_mock_data\dbt_project.yml> not found

[0m17:25:05.165987 [debug] [MainThread]: Command `dbt debug` failed at 17:25:05.165987 after 0.35 seconds
[0m17:25:05.166988 [debug] [MainThread]: Connection 'debug' was properly closed.
[0m17:25:05.166988 [debug] [MainThread]: Sending event: {'category': 'dbt', 'action': 'invocation', 'label': 'end', 'context': [<snowplow_tracker.self_describing_json.SelfDescribingJson object at 0x0000021F56FA1130>, <snowplow_tracker.self_describing_json.SelfDescribingJson object at 0x0000021F573C3380>, <snowplow_tracker.self_describing_json.SelfDescribingJson object at 0x0000021F570350A0>]}
[0m17:25:05.166988 [debug] [MainThread]: Flushing usage events
[0m17:25:05.464637 [debug] [MainThread]: An error was encountered while trying to flush usage events
[0m17:25:25.904696 [debug] [MainThread]: Sending event: {'category': 'dbt', 'action': 'invocation', 'label': 'start', 'context': [<snowplow_tracker.self_describing_json.SelfDescribingJson object at 0x000001FE655FFBF0>, <snowplow_tracker.self_describing_json.SelfDescribingJson object at 0x000001FE63A18FB0>, <snowplow_tracker.self_describing_json.SelfDescribingJson object at 0x000001FE6563E9C0>]}


============================== 17:25:25.907697 | 3f7bf769-24b1-4984-81ed-c97f58ce560e ==============================
[0m17:25:25.907697 [info ] [MainThread]: Running with dbt=1.10.4
[0m17:25:25.907697 [debug] [MainThread]: running dbt with arguments {'printer_width': '80', 'indirect_selection': 'eager', 'write_json': 'True', 'log_cache_events': 'False', 'partial_parse': 'True', 'cache_selected_only': 'False', 'profiles_dir': 'C:\\Users\\anvm1\\.dbt', 'version_check': 'True', 'fail_fast': 'False', 'log_path': 'logs', 'debug': 'False', 'warn_error': 'None', 'use_colors': 'True', 'use_experimental_parser': 'False', 'empty': 'None', 'quiet': 'False', 'no_print': 'None', 'warn_error_options': 'WarnErrorOptionsV2(error=[], warn=[], silence=[])', 'introspect': 'True', 'static_parser': 'True', 'invocation_command': 'dbt debug', 'target_path': 'None', 'log_format': 'default', 'send_anonymous_usage_stats': 'True'}
[0m17:25:25.916683 [info ] [MainThread]: dbt version: 1.10.4
[0m17:25:25.916683 [info ] [MainThread]: python version: 3.12.3
[0m17:25:25.917682 [info ] [MainThread]: python path: C:\Users\anvm1\OneDrive\Desktop\Andrew_Vu\Projects\security_mock_data\security\Scripts\python.exe
[0m17:25:25.917682 [info ] [MainThread]: os info: Windows-11-10.0.26100-SP0
[0m17:25:25.947105 [info ] [MainThread]: Using profiles dir at C:\Users\anvm1\.dbt
[0m17:25:25.948607 [info ] [MainThread]: Using profiles.yml file at C:\Users\anvm1\.dbt\profiles.yml
[0m17:25:25.948607 [info ] [MainThread]: Using dbt_project.yml file at C:\Users\anvm1\OneDrive\Desktop\Andrew_Vu\Projects\security_mock_data\dbt_project.yml
[0m17:25:25.949610 [info ] [MainThread]: adapter type: postgres
[0m17:25:25.949610 [info ] [MainThread]: adapter version: 1.9.0
[0m17:25:25.949610 [info ] [MainThread]: Configuration:
[0m17:25:25.949610 [info ] [MainThread]:   profiles.yml file [[32mOK found and valid[0m]
[0m17:25:25.950611 [info ] [MainThread]:   dbt_project.yml file [[31mERROR not found[0m]
[0m17:25:25.950611 [info ] [MainThread]: Required dependencies:
[0m17:25:25.950611 [debug] [MainThread]: Executing "git --help"
[0m17:25:25.975545 [debug] [MainThread]: STDOUT: "b"usage: git [-v | --version] [-h | --help] [-C <path>] [-c <name>=<value>]\n           [--exec-path[=<path>]] [--html-path] [--man-path] [--info-path]\n           [-p | --paginate | -P | --no-pager] [--no-replace-objects] [--no-lazy-fetch]\n           [--no-optional-locks] [--no-advice] [--bare] [--git-dir=<path>]\n           [--work-tree=<path>] [--namespace=<name>] [--config-env=<name>=<envvar>]\n           <command> [<args>]\n\nThese are common Git commands used in various situations:\n\nstart a working area (see also: git help tutorial)\n   clone      Clone a repository into a new directory\n   init       Create an empty Git repository or reinitialize an existing one\n\nwork on the current change (see also: git help everyday)\n   add        Add file contents to the index\n   mv         Move or rename a file, a directory, or a symlink\n   restore    Restore working tree files\n   rm         Remove files from the working tree and from the index\n\nexamine the history and state (see also: git help revisions)\n   bisect     Use binary search to find the commit that introduced a bug\n   diff       Show changes between commits, commit and working tree, etc\n   grep       Print lines matching a pattern\n   log        Show commit logs\n   show       Show various types of objects\n   status     Show the working tree status\n\ngrow, mark and tweak your common history\n   backfill   Download missing objects in a partial clone\n   branch     List, create, or delete branches\n   commit     Record changes to the repository\n   merge      Join two or more development histories together\n   rebase     Reapply commits on top of another base tip\n   reset      Reset current HEAD to the specified state\n   switch     Switch branches\n   tag        Create, list, delete or verify a tag object signed with GPG\n\ncollaborate (see also: git help workflows)\n   fetch      Download objects and refs from another repository\n   pull       Fetch from and integrate with another repository or a local branch\n   push       Update remote refs along with associated objects\n\n'git help -a' and 'git help -g' list available subcommands and some\nconcept guides. See 'git help <command>' or 'git help <concept>'\nto read about a specific subcommand or concept.\nSee 'git help git' for an overview of the system.\n""
[0m17:25:25.975545 [debug] [MainThread]: STDERR: "b''"
[0m17:25:25.976547 [info ] [MainThread]:  - git [[32mOK found[0m]

[0m17:25:25.976547 [info ] [MainThread]: Connection:
[0m17:25:25.976547 [info ] [MainThread]:   host: localhost
[0m17:25:25.976547 [info ] [MainThread]:   port: 5432
[0m17:25:25.977546 [info ] [MainThread]:   user: security_admin
[0m17:25:25.977546 [info ] [MainThread]:   database: security_data
[0m17:25:25.977546 [info ] [MainThread]:   schema: staging
[0m17:25:25.977546 [info ] [MainThread]:   connect_timeout: 10
[0m17:25:25.978545 [info ] [MainThread]:   role: None
[0m17:25:25.978545 [info ] [MainThread]:   search_path: None
[0m17:25:25.978545 [info ] [MainThread]:   keepalives_idle: 0
[0m17:25:25.978545 [info ] [MainThread]:   sslmode: None
[0m17:25:25.978545 [info ] [MainThread]:   sslcert: None
[0m17:25:25.979544 [info ] [MainThread]:   sslkey: None
[0m17:25:25.979544 [info ] [MainThread]:   sslrootcert: None
[0m17:25:25.979544 [info ] [MainThread]:   application_name: dbt
[0m17:25:25.979544 [info ] [MainThread]:   retries: 1
[0m17:25:25.979544 [info ] [MainThread]: Registered adapter: postgres=1.9.0
[0m17:25:26.088997 [debug] [MainThread]: Acquiring new postgres connection 'debug'
[0m17:25:26.117300 [debug] [MainThread]: Using postgres connection "debug"
[0m17:25:26.118803 [debug] [MainThread]: On debug: select 1 as id
[0m17:25:26.118803 [debug] [MainThread]: Opening a new connection, currently in state init
[0m17:25:26.145263 [debug] [MainThread]: SQL status: SELECT 1 in 0.027 seconds
[0m17:25:26.145263 [debug] [MainThread]: On debug: Close
[0m17:25:26.146263 [info ] [MainThread]:   Connection test: [[32mOK connection ok[0m]

[0m17:25:26.146263 [info ] [MainThread]: [31m1 check failed:[0m
[0m17:25:26.147267 [info ] [MainThread]: Project loading failed for the following reason:
 project path <C:\Users\anvm1\OneDrive\Desktop\Andrew_Vu\Projects\security_mock_data\dbt_project.yml> not found

[0m17:25:26.147267 [debug] [MainThread]: Command `dbt debug` failed at 17:25:26.147267 after 0.33 seconds
[0m17:25:26.147267 [debug] [MainThread]: Connection 'debug' was properly closed.
[0m17:25:26.147267 [debug] [MainThread]: Sending event: {'category': 'dbt', 'action': 'invocation', 'label': 'end', 'context': [<snowplow_tracker.self_describing_json.SelfDescribingJson object at 0x000001FE655FFBF0>, <snowplow_tracker.self_describing_json.SelfDescribingJson object at 0x000001FE664AA660>, <snowplow_tracker.self_describing_json.SelfDescribingJson object at 0x000001FE65A97A70>]}
[0m17:25:26.147267 [debug] [MainThread]: Flushing usage events
[0m17:25:26.449205 [debug] [MainThread]: An error was encountered while trying to flush usage events
[0m10:55:24.442904 [debug] [MainThread]: Sending event: {'category': 'dbt', 'action': 'invocation', 'label': 'start', 'context': [<snowplow_tracker.self_describing_json.SelfDescribingJson object at 0x000001D1F1149B80>, <snowplow_tracker.self_describing_json.SelfDescribingJson object at 0x000001D1F3BB1340>, <snowplow_tracker.self_describing_json.SelfDescribingJson object at 0x000001D1F3BB3CE0>]}


============================== 10:55:24.448416 | 260034f3-9962-4c2e-ab6a-b3b257796fa2 ==============================
[0m10:55:24.448416 [info ] [MainThread]: Running with dbt=1.10.4
[0m10:55:24.448416 [debug] [MainThread]: running dbt with arguments {'printer_width': '80', 'indirect_selection': 'eager', 'log_cache_events': 'False', 'write_json': 'True', 'partial_parse': 'True', 'cache_selected_only': 'False', 'warn_error': 'None', 'version_check': 'True', 'fail_fast': 'False', 'log_path': 'logs', 'debug': 'False', 'profiles_dir': 'C:\\Users\\anvm1\\.dbt', 'use_colors': 'True', 'use_experimental_parser': 'False', 'empty': 'False', 'quiet': 'False', 'no_print': 'None', 'warn_error_options': 'WarnErrorOptionsV2(error=[], warn=[], silence=[])', 'introspect': 'True', 'static_parser': 'True', 'invocation_command': 'dbt run', 'target_path': 'None', 'log_format': 'default', 'send_anonymous_usage_stats': 'True'}
[0m10:55:24.449416 [error] [MainThread]: Encountered an error:
Runtime Error
  No dbt_project.yml found at expected path C:\Users\anvm1\OneDrive\Desktop\Andrew_Vu\Projects\security_mock_data\dbt_project.yml
  Verify that each entry within packages.yml (and their transitive dependencies) contains a file named dbt_project.yml
  
[0m10:55:24.449416 [debug] [MainThread]: Command `dbt run` failed at 10:55:24.449416 after 0.12 seconds
[0m10:55:24.449416 [debug] [MainThread]: Sending event: {'category': 'dbt', 'action': 'invocation', 'label': 'end', 'context': [<snowplow_tracker.self_describing_json.SelfDescribingJson object at 0x000001D1F1AC0E60>, <snowplow_tracker.self_describing_json.SelfDescribingJson object at 0x000001D1F1149B80>, <snowplow_tracker.self_describing_json.SelfDescribingJson object at 0x000001D1F3E82FF0>]}
[0m10:55:24.450415 [debug] [MainThread]: Flushing usage events
[0m10:55:24.770513 [debug] [MainThread]: An error was encountered while trying to flush usage events
[0m13:26:02.963530 [debug] [MainThread]: Sending event: {'category': 'dbt', 'action': 'invocation', 'label': 'start', 'context': [<snowplow_tracker.self_describing_json.SelfDescribingJson object at 0x0000017E2C759790>, <snowplow_tracker.self_describing_json.SelfDescribingJson object at 0x0000017E2EFD3020>, <snowplow_tracker.self_describing_json.SelfDescribingJson object at 0x0000017E2E37C080>]}


============================== 13:26:02.966230 | 3ff85b2e-ee52-4d3e-bf65-05f926bcbd8a ==============================
[0m13:26:02.966230 [info ] [MainThread]: Running with dbt=1.10.4
[0m13:26:02.967233 [debug] [MainThread]: running dbt with arguments {'printer_width': '80', 'indirect_selection': 'eager', 'write_json': 'True', 'log_cache_events': 'False', 'partial_parse': 'True', 'cache_selected_only': 'False', 'warn_error': 'None', 'version_check': 'True', 'fail_fast': 'False', 'log_path': 'logs', 'debug': 'False', 'profiles_dir': 'C:\\Users\\anvm1\\.dbt', 'use_colors': 'True', 'use_experimental_parser': 'False', 'empty': 'False', 'quiet': 'False', 'no_print': 'None', 'log_format': 'default', 'invocation_command': 'dbt run', 'static_parser': 'True', 'warn_error_options': 'WarnErrorOptionsV2(error=[], warn=[], silence=[])', 'target_path': 'None', 'introspect': 'True', 'send_anonymous_usage_stats': 'True'}
[0m13:26:02.967233 [error] [MainThread]: Encountered an error:
Runtime Error
  No dbt_project.yml found at expected path C:\Users\anvm1\OneDrive\Desktop\Andrew_Vu\Projects\security_mock_data\dbt_project.yml
  Verify that each entry within packages.yml (and their transitive dependencies) contains a file named dbt_project.yml
  
[0m13:26:02.968233 [debug] [MainThread]: Command `dbt run` failed at 13:26:02.968233 after 0.12 seconds
[0m13:26:02.968233 [debug] [MainThread]: Sending event: {'category': 'dbt', 'action': 'invocation', 'label': 'end', 'context': [<snowplow_tracker.self_describing_json.SelfDescribingJson object at 0x0000017E2C759790>, <snowplow_tracker.self_describing_json.SelfDescribingJson object at 0x0000017E2F9395B0>, <snowplow_tracker.self_describing_json.SelfDescribingJson object at 0x0000017E2F91B8F0>]}
[0m13:26:02.969235 [debug] [MainThread]: Flushing usage events
[0m13:26:03.279943 [debug] [MainThread]: An error was encountered while trying to flush usage events
